2019-12-07 00:00:09.609  INFO 8688 --- [http-nio-8888-exec-4] c.e.a.common.aop.PermissionAspect        : Request URL: [http://localhost:8888/v1/student/list], URI: [/v1/student/list], Request Method: [GET], IP: [0:0:0:0:0:0:0:1]
2019-12-07 00:00:17.853  INFO 8688 --- [http-nio-8888-exec-6] c.e.a.common.aop.PermissionAspect        : Request URL: [http://localhost:8888/v1/student/list], URI: [/v1/student/list], Request Method: [GET], IP: [0:0:0:0:0:0:0:1]
2019-12-07 00:00:21.431  INFO 8688 --- [http-nio-8888-exec-7] c.e.a.common.aop.PermissionAspect        : Request URL: [http://localhost:8888/v1/student/list], URI: [/v1/student/list], Request Method: [GET], IP: [0:0:0:0:0:0:0:1]
2019-12-07 00:00:22.769  INFO 8688 --- [http-nio-8888-exec-9] c.e.a.common.aop.PermissionAspect        : Request URL: [http://localhost:8888/v1/student/list], URI: [/v1/student/list], Request Method: [GET], IP: [0:0:0:0:0:0:0:1]
2019-12-07 00:00:23.767  INFO 8688 --- [http-nio-8888-exec-2] c.e.a.common.aop.PermissionAspect        : Request URL: [http://localhost:8888/v1/student/list], URI: [/v1/student/list], Request Method: [GET], IP: [0:0:0:0:0:0:0:1]
2019-12-07 00:00:30.721  INFO 8688 --- [http-nio-8888-exec-5] c.e.a.common.aop.PermissionAspect        : Request URL: [http://localhost:8888/v1/student/list], URI: [/v1/student/list], Request Method: [GET], IP: [0:0:0:0:0:0:0:1]
2019-12-07 00:00:37.398  INFO 8688 --- [http-nio-8888-exec-10] c.e.a.common.aop.PermissionAspect        : Request URL: [http://localhost:8888/v1/student/list], URI: [/v1/student/list], Request Method: [GET], IP: [0:0:0:0:0:0:0:1]
2019-12-07 00:00:40.532  INFO 8688 --- [http-nio-8888-exec-3] c.e.a.common.aop.PermissionAspect        : Request URL: [http://localhost:8888/v1/student/list], URI: [/v1/student/list], Request Method: [GET], IP: [0:0:0:0:0:0:0:1]
2019-12-07 00:03:11.361  INFO 8688 --- [http-nio-8888-exec-2] c.e.a.common.aop.PermissionAspect        : Request URL: [http://localhost:8888/v1/major/list], URI: [/v1/major/list], Request Method: [GET], IP: [0:0:0:0:0:0:0:1]
2019-12-07 00:03:11.391  INFO 8688 --- [http-nio-8888-exec-5] c.e.a.common.aop.PermissionAspect        : Request URL: [http://localhost:8888/v1/major/list], URI: [/v1/major/list], Request Method: [GET], IP: [0:0:0:0:0:0:0:1]
2019-12-07 00:03:16.514  INFO 8688 --- [http-nio-8888-exec-10] c.e.a.common.aop.PermissionAspect        : Request URL: [http://localhost:8888/v1/major/list], URI: [/v1/major/list], Request Method: [GET], IP: [0:0:0:0:0:0:0:1]
2019-12-07 00:03:24.962  INFO 8688 --- [http-nio-8888-exec-3] c.e.a.common.aop.PermissionAspect        : Request URL: [http://localhost:8888/v1/major/list], URI: [/v1/major/list], Request Method: [GET], IP: [0:0:0:0:0:0:0:1]
2019-12-07 00:03:24.963  INFO 8688 --- [http-nio-8888-exec-4] c.e.a.common.aop.PermissionAspect        : Request URL: [http://localhost:8888/v1/major/list], URI: [/v1/major/list], Request Method: [GET], IP: [0:0:0:0:0:0:0:1]
2019-12-07 00:03:30.161  INFO 8688 --- [http-nio-8888-exec-6] c.e.a.common.aop.PermissionAspect        : Request URL: [http://localhost:8888/v1/major/list], URI: [/v1/major/list], Request Method: [GET], IP: [0:0:0:0:0:0:0:1]
2019-12-07 00:03:38.287  INFO 8688 --- [http-nio-8888-exec-7] c.e.a.common.aop.PermissionAspect        : Request URL: [http://localhost:8888/v1/major/list], URI: [/v1/major/list], Request Method: [GET], IP: [0:0:0:0:0:0:0:1]
2019-12-07 11:25:13.965  INFO 12756 --- [main] com.excellent.accreditation.Application  : Starting Application on ayxworxfr with PID 12756 (I:\web\project-todo\course-accreditation\target\classes started by 安羽兮 in I:\web\project-todo\course-accreditation)
2019-12-07 11:25:14.083  INFO 12756 --- [main] com.excellent.accreditation.Application  : No active profile set, falling back to default profiles: default
2019-12-07 11:25:17.964  INFO 12756 --- [main] trationDelegate$BeanPostProcessorChecker : Bean 'org.springframework.transaction.annotation.ProxyTransactionManagementConfiguration' of type [org.springframework.transaction.annotation.ProxyTransactionManagementConfiguration] is not eligible for getting processed by all BeanPostProcessors (for example: not eligible for auto-proxying)
2019-12-07 11:25:18.294  INFO 12756 --- [main] trationDelegate$BeanPostProcessorChecker : Bean 'spring.datasource.dynamic-com.baomidou.dynamic.datasource.spring.boot.autoconfigure.DynamicDataSourceProperties' of type [com.baomidou.dynamic.datasource.spring.boot.autoconfigure.DynamicDataSourceProperties] is not eligible for getting processed by all BeanPostProcessors (for example: not eligible for auto-proxying)
2019-12-07 11:25:18.303  INFO 12756 --- [main] trationDelegate$BeanPostProcessorChecker : Bean 'com.baomidou.dynamic.datasource.spring.boot.autoconfigure.DynamicDataSourceAutoConfiguration' of type [com.baomidou.dynamic.datasource.spring.boot.autoconfigure.DynamicDataSourceAutoConfiguration$$EnhancerBySpringCGLIB$$7c07ff78] is not eligible for getting processed by all BeanPostProcessors (for example: not eligible for auto-proxying)
2019-12-07 11:25:18.339  INFO 12756 --- [main] trationDelegate$BeanPostProcessorChecker : Bean 'dsProcessor' of type [com.baomidou.dynamic.datasource.processor.DsHeaderProcessor] is not eligible for getting processed by all BeanPostProcessors (for example: not eligible for auto-proxying)
2019-12-07 11:25:18.357  INFO 12756 --- [main] trationDelegate$BeanPostProcessorChecker : Bean 'dynamicDatasourceAnnotationAdvisor' of type [com.baomidou.dynamic.datasource.aop.DynamicDataSourceAnnotationAdvisor] is not eligible for getting processed by all BeanPostProcessors (for example: not eligible for auto-proxying)
2019-12-07 11:25:18.937  INFO 12756 --- [main] o.s.b.w.embedded.tomcat.TomcatWebServer  : Tomcat initialized with port(s): 8888 (http)
2019-12-07 11:25:18.955  INFO 12756 --- [main] o.apache.catalina.core.StandardService   : Starting service [Tomcat]
2019-12-07 11:25:18.956  INFO 12756 --- [main] org.apache.catalina.core.StandardEngine  : Starting Servlet engine: [Apache Tomcat/9.0.27]
2019-12-07 11:25:19.153  INFO 12756 --- [main] o.a.c.c.C.[Tomcat].[localhost].[/]       : Initializing Spring embedded WebApplicationContext
2019-12-07 11:25:19.154  INFO 12756 --- [main] o.s.web.context.ContextLoader            : Root WebApplicationContext: initialization completed in 4907 ms
2019-12-07 11:25:19.423  INFO 12756 --- [main] c.b.d.d.DynamicRoutingDataSource         : dynamic-datasource detect P6SPY plugin and enabled it
2019-12-07 11:25:19.446  INFO 12756 --- [main] com.zaxxer.hikari.HikariDataSource       : primary - Starting...
2019-12-07 11:25:20.110  INFO 12756 --- [main] com.zaxxer.hikari.HikariDataSource       : primary - Start completed.
2019-12-07 11:25:20.111  INFO 12756 --- [main] c.b.d.d.DynamicRoutingDataSource         : dynamic-datasource - load a datasource named [primary] success
2019-12-07 11:25:20.112  INFO 12756 --- [main] c.b.d.d.DynamicRoutingDataSource         : dynamic-datasource initial loaded [1] datasource,primary datasource named [primary]
2019-12-07 11:25:22.846  INFO 12756 --- [main] pertySourcedRequestMappingHandlerMapping : Mapped URL path [/v2/api-docs] onto method [springfox.documentation.swagger2.web.Swagger2Controller#getDocumentation(String, HttpServletRequest)]
2019-12-07 11:25:23.039  INFO 12756 --- [main] o.s.s.concurrent.ThreadPoolTaskExecutor  : Initializing ExecutorService 'applicationTaskExecutor'
2019-12-07 11:25:23.343  INFO 12756 --- [main] d.s.w.p.DocumentationPluginsBootstrapper : Context refreshed
2019-12-07 11:25:23.370  INFO 12756 --- [main] d.s.w.p.DocumentationPluginsBootstrapper : Found 1 custom documentation plugin(s)
2019-12-07 11:25:23.450  INFO 12756 --- [main] s.d.s.w.s.ApiListingReferenceScanner     : Scanning for api listing references
2019-12-07 11:25:23.742  INFO 12756 --- [main] .d.s.w.r.o.CachingOperationNameGenerator : Generating unique operation named: createUsingPOST_1
2019-12-07 11:25:23.744  INFO 12756 --- [main] .d.s.w.r.o.CachingOperationNameGenerator : Generating unique operation named: deleteByIdUsingDELETE_1
2019-12-07 11:25:23.749  INFO 12756 --- [main] .d.s.w.r.o.CachingOperationNameGenerator : Generating unique operation named: deleteByIdsUsingDELETE_1
2019-12-07 11:25:23.760  INFO 12756 --- [main] .d.s.w.r.o.CachingOperationNameGenerator : Generating unique operation named: queryUsingGET_1
2019-12-07 11:25:23.768  INFO 12756 --- [main] .d.s.w.r.o.CachingOperationNameGenerator : Generating unique operation named: queryCourseUsingGET_1
2019-12-07 11:25:23.773  INFO 12756 --- [main] .d.s.w.r.o.CachingOperationNameGenerator : Generating unique operation named: updateByIdUsingPUT_1
2019-12-07 11:25:23.782  INFO 12756 --- [main] .d.s.w.r.o.CachingOperationNameGenerator : Generating unique operation named: createUsingPOST_2
2019-12-07 11:25:23.786  INFO 12756 --- [main] .d.s.w.r.o.CachingOperationNameGenerator : Generating unique operation named: deleteByIdUsingDELETE_2
2019-12-07 11:25:23.789  INFO 12756 --- [main] .d.s.w.r.o.CachingOperationNameGenerator : Generating unique operation named: deleteByIdsUsingDELETE_2
2019-12-07 11:25:23.796  INFO 12756 --- [main] .d.s.w.r.o.CachingOperationNameGenerator : Generating unique operation named: queryUsingGET_2
2019-12-07 11:25:23.804  INFO 12756 --- [main] .d.s.w.r.o.CachingOperationNameGenerator : Generating unique operation named: updateByIdUsingPUT_2
2019-12-07 11:25:23.810  INFO 12756 --- [main] .d.s.w.r.o.CachingOperationNameGenerator : Generating unique operation named: createUsingPOST_3
2019-12-07 11:25:23.814  INFO 12756 --- [main] .d.s.w.r.o.CachingOperationNameGenerator : Generating unique operation named: deleteByIdUsingDELETE_3
2019-12-07 11:25:23.817  INFO 12756 --- [main] .d.s.w.r.o.CachingOperationNameGenerator : Generating unique operation named: deleteByIdsUsingDELETE_3
2019-12-07 11:25:23.823  INFO 12756 --- [main] .d.s.w.r.o.CachingOperationNameGenerator : Generating unique operation named: queryUsingGET_3
2019-12-07 11:25:23.831  INFO 12756 --- [main] .d.s.w.r.o.CachingOperationNameGenerator : Generating unique operation named: updateByIdUsingPUT_3
2019-12-07 11:25:23.834  INFO 12756 --- [main] .d.s.w.r.o.CachingOperationNameGenerator : Generating unique operation named: batchSaveUsingPOST_1
2019-12-07 11:25:23.839  INFO 12756 --- [main] .d.s.w.r.o.CachingOperationNameGenerator : Generating unique operation named: createUsingPOST_4
2019-12-07 11:25:23.843  INFO 12756 --- [main] .d.s.w.r.o.CachingOperationNameGenerator : Generating unique operation named: deleteByIdUsingDELETE_4
2019-12-07 11:25:23.845  INFO 12756 --- [main] .d.s.w.r.o.CachingOperationNameGenerator : Generating unique operation named: deleteByIdsUsingDELETE_4
2019-12-07 11:25:23.852  INFO 12756 --- [main] .d.s.w.r.o.CachingOperationNameGenerator : Generating unique operation named: queryUsingGET_4
2019-12-07 11:25:23.861  INFO 12756 --- [main] .d.s.w.r.o.CachingOperationNameGenerator : Generating unique operation named: updateByIdUsingPUT_4
2019-12-07 11:25:23.869  INFO 12756 --- [main] .d.s.w.r.o.CachingOperationNameGenerator : Generating unique operation named: createUsingPOST_5
2019-12-07 11:25:23.871  INFO 12756 --- [main] .d.s.w.r.o.CachingOperationNameGenerator : Generating unique operation named: deleteByIdUsingDELETE_5
2019-12-07 11:25:23.874  INFO 12756 --- [main] .d.s.w.r.o.CachingOperationNameGenerator : Generating unique operation named: deleteByIdsUsingDELETE_5
2019-12-07 11:25:23.881  INFO 12756 --- [main] .d.s.w.r.o.CachingOperationNameGenerator : Generating unique operation named: queryUsingGET_5
2019-12-07 11:25:23.891  INFO 12756 --- [main] .d.s.w.r.o.CachingOperationNameGenerator : Generating unique operation named: updateByIdUsingPUT_5
2019-12-07 11:25:23.899  INFO 12756 --- [main] .d.s.w.r.o.CachingOperationNameGenerator : Generating unique operation named: createUsingPOST_6
2019-12-07 11:25:23.902  INFO 12756 --- [main] .d.s.w.r.o.CachingOperationNameGenerator : Generating unique operation named: deleteByIdUsingDELETE_6
2019-12-07 11:25:23.906  INFO 12756 --- [main] .d.s.w.r.o.CachingOperationNameGenerator : Generating unique operation named: deleteByIdsUsingDELETE_6
2019-12-07 11:25:23.916  INFO 12756 --- [main] .d.s.w.r.o.CachingOperationNameGenerator : Generating unique operation named: queryUsingGET_6
2019-12-07 11:25:23.923  INFO 12756 --- [main] .d.s.w.r.o.CachingOperationNameGenerator : Generating unique operation named: updateByIdUsingPUT_6
2019-12-07 11:25:23.928  INFO 12756 --- [main] .d.s.w.r.o.CachingOperationNameGenerator : Generating unique operation named: createUsingPOST_7
2019-12-07 11:25:23.930  INFO 12756 --- [main] .d.s.w.r.o.CachingOperationNameGenerator : Generating unique operation named: deleteByIdUsingDELETE_7
2019-12-07 11:25:23.932  INFO 12756 --- [main] .d.s.w.r.o.CachingOperationNameGenerator : Generating unique operation named: deleteByIdsUsingDELETE_7
2019-12-07 11:25:23.937  INFO 12756 --- [main] .d.s.w.r.o.CachingOperationNameGenerator : Generating unique operation named: queryUsingGET_7
2019-12-07 11:25:23.945  INFO 12756 --- [main] .d.s.w.r.o.CachingOperationNameGenerator : Generating unique operation named: updateByIdUsingPUT_7
2019-12-07 11:25:23.959  INFO 12756 --- [main] .d.s.w.r.o.CachingOperationNameGenerator : Generating unique operation named: createUsingPOST_8
2019-12-07 11:25:23.964  INFO 12756 --- [main] .d.s.w.r.o.CachingOperationNameGenerator : Generating unique operation named: deleteByIdUsingDELETE_8
2019-12-07 11:25:23.968  INFO 12756 --- [main] .d.s.w.r.o.CachingOperationNameGenerator : Generating unique operation named: deleteByIdsUsingDELETE_8
2019-12-07 11:25:23.982  INFO 12756 --- [main] .d.s.w.r.o.CachingOperationNameGenerator : Generating unique operation named: queryUsingGET_8
2019-12-07 11:25:23.994  INFO 12756 --- [main] .d.s.w.r.o.CachingOperationNameGenerator : Generating unique operation named: updateByIdUsingPUT_8
2019-12-07 11:25:24.047  INFO 12756 --- [main] .d.s.w.r.o.CachingOperationNameGenerator : Generating unique operation named: createUsingPOST_9
2019-12-07 11:25:24.053  INFO 12756 --- [main] .d.s.w.r.o.CachingOperationNameGenerator : Generating unique operation named: deleteByIdUsingDELETE_9
2019-12-07 11:25:24.058  INFO 12756 --- [main] .d.s.w.r.o.CachingOperationNameGenerator : Generating unique operation named: deleteByIdsUsingDELETE_9
2019-12-07 11:25:24.071  INFO 12756 --- [main] .d.s.w.r.o.CachingOperationNameGenerator : Generating unique operation named: queryUsingGET_9
2019-12-07 11:25:24.082  INFO 12756 --- [main] .d.s.w.r.o.CachingOperationNameGenerator : Generating unique operation named: updateByIdUsingPUT_9
2019-12-07 11:25:24.155  INFO 12756 --- [main] o.s.b.w.embedded.tomcat.TomcatWebServer  : Tomcat started on port(s): 8888 (http) with context path ''
2019-12-07 11:25:24.160  INFO 12756 --- [main] com.excellent.accreditation.Application  : Started Application in 11.661 seconds (JVM running for 21.1)
2019-12-07 11:40:57.701  INFO 2848 --- [main] com.excellent.accreditation.Application  : Starting Application on ayxworxfr with PID 2848 (I:\web\project-todo\course-accreditation\target\classes started by 安羽兮 in I:\web\project-todo\course-accreditation)
2019-12-07 11:40:57.706  INFO 2848 --- [main] com.excellent.accreditation.Application  : No active profile set, falling back to default profiles: default
2019-12-07 11:41:00.145  INFO 2848 --- [main] trationDelegate$BeanPostProcessorChecker : Bean 'org.springframework.transaction.annotation.ProxyTransactionManagementConfiguration' of type [org.springframework.transaction.annotation.ProxyTransactionManagementConfiguration] is not eligible for getting processed by all BeanPostProcessors (for example: not eligible for auto-proxying)
2019-12-07 11:41:00.330  INFO 2848 --- [main] trationDelegate$BeanPostProcessorChecker : Bean 'spring.datasource.dynamic-com.baomidou.dynamic.datasource.spring.boot.autoconfigure.DynamicDataSourceProperties' of type [com.baomidou.dynamic.datasource.spring.boot.autoconfigure.DynamicDataSourceProperties] is not eligible for getting processed by all BeanPostProcessors (for example: not eligible for auto-proxying)
2019-12-07 11:41:00.334  INFO 2848 --- [main] trationDelegate$BeanPostProcessorChecker : Bean 'com.baomidou.dynamic.datasource.spring.boot.autoconfigure.DynamicDataSourceAutoConfiguration' of type [com.baomidou.dynamic.datasource.spring.boot.autoconfigure.DynamicDataSourceAutoConfiguration$$EnhancerBySpringCGLIB$$77222292] is not eligible for getting processed by all BeanPostProcessors (for example: not eligible for auto-proxying)
2019-12-07 11:41:00.359  INFO 2848 --- [main] trationDelegate$BeanPostProcessorChecker : Bean 'dsProcessor' of type [com.baomidou.dynamic.datasource.processor.DsHeaderProcessor] is not eligible for getting processed by all BeanPostProcessors (for example: not eligible for auto-proxying)
2019-12-07 11:41:00.382  INFO 2848 --- [main] trationDelegate$BeanPostProcessorChecker : Bean 'dynamicDatasourceAnnotationAdvisor' of type [com.baomidou.dynamic.datasource.aop.DynamicDataSourceAnnotationAdvisor] is not eligible for getting processed by all BeanPostProcessors (for example: not eligible for auto-proxying)
2019-12-07 11:41:00.771  INFO 2848 --- [main] o.s.b.w.embedded.tomcat.TomcatWebServer  : Tomcat initialized with port(s): 8888 (http)
2019-12-07 11:41:00.795  INFO 2848 --- [main] o.apache.catalina.core.StandardService   : Starting service [Tomcat]
2019-12-07 11:41:00.795  INFO 2848 --- [main] org.apache.catalina.core.StandardEngine  : Starting Servlet engine: [Apache Tomcat/9.0.27]
2019-12-07 11:41:00.936  INFO 2848 --- [main] o.a.c.c.C.[Tomcat].[localhost].[/]       : Initializing Spring embedded WebApplicationContext
2019-12-07 11:41:00.936  INFO 2848 --- [main] o.s.web.context.ContextLoader            : Root WebApplicationContext: initialization completed in 3111 ms
2019-12-07 11:41:01.094  INFO 2848 --- [main] c.b.d.d.DynamicRoutingDataSource         : dynamic-datasource detect P6SPY plugin and enabled it
2019-12-07 11:41:01.103  INFO 2848 --- [main] com.zaxxer.hikari.HikariDataSource       : primary - Starting...
2019-12-07 11:41:01.506  INFO 2848 --- [main] com.zaxxer.hikari.HikariDataSource       : primary - Start completed.
2019-12-07 11:41:01.506  INFO 2848 --- [main] c.b.d.d.DynamicRoutingDataSource         : dynamic-datasource - load a datasource named [primary] success
2019-12-07 11:41:01.506  INFO 2848 --- [main] c.b.d.d.DynamicRoutingDataSource         : dynamic-datasource initial loaded [1] datasource,primary datasource named [primary]
2019-12-07 11:41:03.294  INFO 2848 --- [main] pertySourcedRequestMappingHandlerMapping : Mapped URL path [/v2/api-docs] onto method [springfox.documentation.swagger2.web.Swagger2Controller#getDocumentation(String, HttpServletRequest)]
2019-12-07 11:41:03.458  INFO 2848 --- [main] o.s.s.concurrent.ThreadPoolTaskExecutor  : Initializing ExecutorService 'applicationTaskExecutor'
2019-12-07 11:41:03.762  INFO 2848 --- [main] d.s.w.p.DocumentationPluginsBootstrapper : Context refreshed
2019-12-07 11:41:03.793  INFO 2848 --- [main] d.s.w.p.DocumentationPluginsBootstrapper : Found 1 custom documentation plugin(s)
2019-12-07 11:41:03.896  INFO 2848 --- [main] s.d.s.w.s.ApiListingReferenceScanner     : Scanning for api listing references
2019-12-07 11:41:04.156  INFO 2848 --- [main] .d.s.w.r.o.CachingOperationNameGenerator : Generating unique operation named: createUsingPOST_1
2019-12-07 11:41:04.158  INFO 2848 --- [main] .d.s.w.r.o.CachingOperationNameGenerator : Generating unique operation named: deleteByIdUsingDELETE_1
2019-12-07 11:41:04.161  INFO 2848 --- [main] .d.s.w.r.o.CachingOperationNameGenerator : Generating unique operation named: deleteByIdsUsingDELETE_1
2019-12-07 11:41:04.169  INFO 2848 --- [main] .d.s.w.r.o.CachingOperationNameGenerator : Generating unique operation named: queryUsingGET_1
2019-12-07 11:41:04.176  INFO 2848 --- [main] .d.s.w.r.o.CachingOperationNameGenerator : Generating unique operation named: queryCourseUsingGET_1
2019-12-07 11:41:04.181  INFO 2848 --- [main] .d.s.w.r.o.CachingOperationNameGenerator : Generating unique operation named: updateByIdUsingPUT_1
2019-12-07 11:41:04.198  INFO 2848 --- [main] .d.s.w.r.o.CachingOperationNameGenerator : Generating unique operation named: createUsingPOST_2
2019-12-07 11:41:04.208  INFO 2848 --- [main] .d.s.w.r.o.CachingOperationNameGenerator : Generating unique operation named: deleteByIdUsingDELETE_2
2019-12-07 11:41:04.211  INFO 2848 --- [main] .d.s.w.r.o.CachingOperationNameGenerator : Generating unique operation named: deleteByIdsUsingDELETE_2
2019-12-07 11:41:04.230  INFO 2848 --- [main] .d.s.w.r.o.CachingOperationNameGenerator : Generating unique operation named: queryUsingGET_2
2019-12-07 11:41:04.251  INFO 2848 --- [main] .d.s.w.r.o.CachingOperationNameGenerator : Generating unique operation named: updateByIdUsingPUT_2
2019-12-07 11:41:04.262  INFO 2848 --- [main] .d.s.w.r.o.CachingOperationNameGenerator : Generating unique operation named: createUsingPOST_3
2019-12-07 11:41:04.264  INFO 2848 --- [main] .d.s.w.r.o.CachingOperationNameGenerator : Generating unique operation named: deleteByIdUsingDELETE_3
2019-12-07 11:41:04.268  INFO 2848 --- [main] .d.s.w.r.o.CachingOperationNameGenerator : Generating unique operation named: deleteByIdsUsingDELETE_3
2019-12-07 11:41:04.276  INFO 2848 --- [main] .d.s.w.r.o.CachingOperationNameGenerator : Generating unique operation named: queryUsingGET_3
2019-12-07 11:41:04.283  INFO 2848 --- [main] .d.s.w.r.o.CachingOperationNameGenerator : Generating unique operation named: updateByIdUsingPUT_3
2019-12-07 11:41:04.286  INFO 2848 --- [main] .d.s.w.r.o.CachingOperationNameGenerator : Generating unique operation named: batchSaveUsingPOST_1
2019-12-07 11:41:04.292  INFO 2848 --- [main] .d.s.w.r.o.CachingOperationNameGenerator : Generating unique operation named: createUsingPOST_4
2019-12-07 11:41:04.295  INFO 2848 --- [main] .d.s.w.r.o.CachingOperationNameGenerator : Generating unique operation named: deleteByIdUsingDELETE_4
2019-12-07 11:41:04.297  INFO 2848 --- [main] .d.s.w.r.o.CachingOperationNameGenerator : Generating unique operation named: deleteByIdsUsingDELETE_4
2019-12-07 11:41:04.304  INFO 2848 --- [main] .d.s.w.r.o.CachingOperationNameGenerator : Generating unique operation named: queryUsingGET_4
2019-12-07 11:41:04.312  INFO 2848 --- [main] .d.s.w.r.o.CachingOperationNameGenerator : Generating unique operation named: updateByIdUsingPUT_4
2019-12-07 11:41:04.318  INFO 2848 --- [main] .d.s.w.r.o.CachingOperationNameGenerator : Generating unique operation named: createUsingPOST_5
2019-12-07 11:41:04.320  INFO 2848 --- [main] .d.s.w.r.o.CachingOperationNameGenerator : Generating unique operation named: deleteByIdUsingDELETE_5
2019-12-07 11:41:04.323  INFO 2848 --- [main] .d.s.w.r.o.CachingOperationNameGenerator : Generating unique operation named: deleteByIdsUsingDELETE_5
2019-12-07 11:41:04.329  INFO 2848 --- [main] .d.s.w.r.o.CachingOperationNameGenerator : Generating unique operation named: queryUsingGET_5
2019-12-07 11:41:04.336  INFO 2848 --- [main] .d.s.w.r.o.CachingOperationNameGenerator : Generating unique operation named: updateByIdUsingPUT_5
2019-12-07 11:41:04.342  INFO 2848 --- [main] .d.s.w.r.o.CachingOperationNameGenerator : Generating unique operation named: createUsingPOST_6
2019-12-07 11:41:04.344  INFO 2848 --- [main] .d.s.w.r.o.CachingOperationNameGenerator : Generating unique operation named: deleteByIdUsingDELETE_6
2019-12-07 11:41:04.346  INFO 2848 --- [main] .d.s.w.r.o.CachingOperationNameGenerator : Generating unique operation named: deleteByIdsUsingDELETE_6
2019-12-07 11:41:04.355  INFO 2848 --- [main] .d.s.w.r.o.CachingOperationNameGenerator : Generating unique operation named: queryUsingGET_6
2019-12-07 11:41:04.363  INFO 2848 --- [main] .d.s.w.r.o.CachingOperationNameGenerator : Generating unique operation named: updateByIdUsingPUT_6
2019-12-07 11:41:04.384  INFO 2848 --- [main] .d.s.w.r.o.CachingOperationNameGenerator : Generating unique operation named: createUsingPOST_7
2019-12-07 11:41:04.388  INFO 2848 --- [main] .d.s.w.r.o.CachingOperationNameGenerator : Generating unique operation named: deleteByIdUsingDELETE_7
2019-12-07 11:41:04.397  INFO 2848 --- [main] .d.s.w.r.o.CachingOperationNameGenerator : Generating unique operation named: deleteByIdsUsingDELETE_7
2019-12-07 11:41:04.410  INFO 2848 --- [main] .d.s.w.r.o.CachingOperationNameGenerator : Generating unique operation named: queryUsingGET_7
2019-12-07 11:41:04.423  INFO 2848 --- [main] .d.s.w.r.o.CachingOperationNameGenerator : Generating unique operation named: updateByIdUsingPUT_7
2019-12-07 11:41:04.441  INFO 2848 --- [main] .d.s.w.r.o.CachingOperationNameGenerator : Generating unique operation named: createUsingPOST_8
2019-12-07 11:41:04.445  INFO 2848 --- [main] .d.s.w.r.o.CachingOperationNameGenerator : Generating unique operation named: deleteByIdUsingDELETE_8
2019-12-07 11:41:04.447  INFO 2848 --- [main] .d.s.w.r.o.CachingOperationNameGenerator : Generating unique operation named: deleteByIdsUsingDELETE_8
2019-12-07 11:41:04.464  INFO 2848 --- [main] .d.s.w.r.o.CachingOperationNameGenerator : Generating unique operation named: queryUsingGET_8
2019-12-07 11:41:04.474  INFO 2848 --- [main] .d.s.w.r.o.CachingOperationNameGenerator : Generating unique operation named: updateByIdUsingPUT_8
2019-12-07 11:41:04.498  INFO 2848 --- [main] .d.s.w.r.o.CachingOperationNameGenerator : Generating unique operation named: createUsingPOST_9
2019-12-07 11:41:04.500  INFO 2848 --- [main] .d.s.w.r.o.CachingOperationNameGenerator : Generating unique operation named: deleteByIdUsingDELETE_9
2019-12-07 11:41:04.502  INFO 2848 --- [main] .d.s.w.r.o.CachingOperationNameGenerator : Generating unique operation named: deleteByIdsUsingDELETE_9
2019-12-07 11:41:04.509  INFO 2848 --- [main] .d.s.w.r.o.CachingOperationNameGenerator : Generating unique operation named: queryUsingGET_9
2019-12-07 11:41:04.517  INFO 2848 --- [main] .d.s.w.r.o.CachingOperationNameGenerator : Generating unique operation named: updateByIdUsingPUT_9
2019-12-07 11:41:04.576  INFO 2848 --- [main] o.s.b.w.embedded.tomcat.TomcatWebServer  : Tomcat started on port(s): 8888 (http) with context path ''
2019-12-07 11:41:04.581  INFO 2848 --- [main] com.excellent.accreditation.Application  : Started Application in 8.421 seconds (JVM running for 10.494)
2019-12-07 11:42:58.675  INFO 2848 --- [http-nio-8888-exec-1] o.a.c.c.C.[Tomcat].[localhost].[/]       : Initializing Spring DispatcherServlet 'dispatcherServlet'
2019-12-07 11:42:58.678  INFO 2848 --- [http-nio-8888-exec-1] o.s.web.servlet.DispatcherServlet        : Initializing Servlet 'dispatcherServlet'
2019-12-07 11:42:58.722  INFO 2848 --- [http-nio-8888-exec-1] o.s.web.servlet.DispatcherServlet        : Completed initialization in 43 ms
2019-12-07 11:43:44.968  INFO 2848 --- [http-nio-8888-exec-3] c.e.a.common.aop.PermissionAspect        : Request URL: [http://localhost:8888/v1/major/list], URI: [/v1/major/list], Request Method: [GET], IP: [0:0:0:0:0:0:0:1]
2019-12-07 11:43:44.968  INFO 2848 --- [http-nio-8888-exec-2] c.e.a.common.aop.PermissionAspect        : Request URL: [http://localhost:8888/v1/student/list], URI: [/v1/student/list], Request Method: [GET], IP: [0:0:0:0:0:0:0:1]
2019-12-07 11:43:44.968  INFO 2848 --- [http-nio-8888-exec-1] c.e.a.common.aop.PermissionAspect        : Request URL: [http://localhost:8888/v1/student/list], URI: [/v1/student/list], Request Method: [GET], IP: [0:0:0:0:0:0:0:1]
2019-12-07 11:43:50.562  INFO 2848 --- [http-nio-8888-exec-5] c.e.a.common.aop.PermissionAspect        : Request URL: [http://localhost:8888/v1/student/list], URI: [/v1/student/list], Request Method: [GET], IP: [0:0:0:0:0:0:0:1]
2019-12-07 11:44:03.185  INFO 2848 --- [http-nio-8888-exec-7] c.e.a.common.aop.PermissionAspect        : Request URL: [http://localhost:8888/v1/student/list], URI: [/v1/student/list], Request Method: [GET], IP: [0:0:0:0:0:0:0:1]
2019-12-07 11:44:03.185  INFO 2848 --- [http-nio-8888-exec-8] c.e.a.common.aop.PermissionAspect        : Request URL: [http://localhost:8888/v1/major/list], URI: [/v1/major/list], Request Method: [GET], IP: [0:0:0:0:0:0:0:1]
2019-12-07 11:44:03.213  INFO 2848 --- [http-nio-8888-exec-9] c.e.a.common.aop.PermissionAspect        : Request URL: [http://localhost:8888/v1/student/list], URI: [/v1/student/list], Request Method: [GET], IP: [0:0:0:0:0:0:0:1]
2019-12-07 11:44:07.622  INFO 2848 --- [http-nio-8888-exec-1] c.e.a.common.aop.PermissionAspect        : Request URL: [http://localhost:8888/v1/student/list], URI: [/v1/student/list], Request Method: [GET], IP: [0:0:0:0:0:0:0:1]
2019-12-07 11:44:13.431  INFO 2848 --- [http-nio-8888-exec-2] c.e.a.common.aop.PermissionAspect        : Request URL: [http://localhost:8888/v1/student/list], URI: [/v1/student/list], Request Method: [GET], IP: [0:0:0:0:0:0:0:1]
2019-12-07 11:44:14.641  INFO 2848 --- [http-nio-8888-exec-4] c.e.a.common.aop.PermissionAspect        : Request URL: [http://localhost:8888/v1/student/list], URI: [/v1/student/list], Request Method: [GET], IP: [0:0:0:0:0:0:0:1]
2019-12-07 11:45:13.313  INFO 2848 --- [http-nio-8888-exec-7] c.e.a.common.aop.PermissionAspect        : Request URL: [http://localhost:8888/v1/student/list], URI: [/v1/student/list], Request Method: [GET], IP: [0:0:0:0:0:0:0:1]
2019-12-07 11:45:13.317  INFO 2848 --- [http-nio-8888-exec-9] c.e.a.common.aop.PermissionAspect        : Request URL: [http://localhost:8888/v1/major/list], URI: [/v1/major/list], Request Method: [GET], IP: [0:0:0:0:0:0:0:1]
2019-12-07 11:45:13.317  INFO 2848 --- [http-nio-8888-exec-10] c.e.a.common.aop.PermissionAspect        : Request URL: [http://localhost:8888/v1/student/list], URI: [/v1/student/list], Request Method: [GET], IP: [0:0:0:0:0:0:0:1]
2019-12-07 11:45:23.995  INFO 2848 --- [http-nio-8888-exec-1] c.e.a.common.aop.PermissionAspect        : Request URL: [http://localhost:8888/v1/student/list], URI: [/v1/student/list], Request Method: [GET], IP: [0:0:0:0:0:0:0:1]
2019-12-07 11:46:01.084  INFO 2848 --- [http-nio-8888-exec-2] c.e.a.common.aop.PermissionAspect        : Request URL: [http://localhost:8888/v1/student/list], URI: [/v1/student/list], Request Method: [GET], IP: [0:0:0:0:0:0:0:1]
2019-12-07 11:46:01.089  INFO 2848 --- [http-nio-8888-exec-3] c.e.a.common.aop.PermissionAspect        : Request URL: [http://localhost:8888/v1/major/list], URI: [/v1/major/list], Request Method: [GET], IP: [0:0:0:0:0:0:0:1]
2019-12-07 11:46:01.091  INFO 2848 --- [http-nio-8888-exec-4] c.e.a.common.aop.PermissionAspect        : Request URL: [http://localhost:8888/v1/student/list], URI: [/v1/student/list], Request Method: [GET], IP: [0:0:0:0:0:0:0:1]
2019-12-07 11:46:05.221  INFO 2848 --- [http-nio-8888-exec-5] c.e.a.common.aop.PermissionAspect        : Request URL: [http://localhost:8888/v1/student/list], URI: [/v1/student/list], Request Method: [GET], IP: [0:0:0:0:0:0:0:1]
2019-12-07 11:52:35.698  INFO 2848 --- [http-nio-8888-exec-7] c.e.a.common.aop.PermissionAspect        : Request URL: [http://localhost:8888/v1/student/list], URI: [/v1/student/list], Request Method: [GET], IP: [0:0:0:0:0:0:0:1]
2019-12-07 11:52:35.699  INFO 2848 --- [http-nio-8888-exec-10] c.e.a.common.aop.PermissionAspect        : Request URL: [http://localhost:8888/v1/major/list], URI: [/v1/major/list], Request Method: [GET], IP: [0:0:0:0:0:0:0:1]
2019-12-07 11:52:35.719  INFO 2848 --- [http-nio-8888-exec-1] c.e.a.common.aop.PermissionAspect        : Request URL: [http://localhost:8888/v1/student/list], URI: [/v1/student/list], Request Method: [GET], IP: [0:0:0:0:0:0:0:1]
2019-12-07 11:52:39.236  INFO 2848 --- [http-nio-8888-exec-3] c.e.a.common.aop.PermissionAspect        : Request URL: [http://localhost:8888/v1/student/list], URI: [/v1/student/list], Request Method: [GET], IP: [0:0:0:0:0:0:0:1]
2019-12-07 11:52:41.740  INFO 2848 --- [http-nio-8888-exec-4] c.e.a.common.aop.PermissionAspect        : Request URL: [http://localhost:8888/v1/student/list], URI: [/v1/student/list], Request Method: [GET], IP: [0:0:0:0:0:0:0:1]
2019-12-07 11:52:43.876  INFO 2848 --- [http-nio-8888-exec-2] c.e.a.common.aop.PermissionAspect        : Request URL: [http://localhost:8888/v1/student/list], URI: [/v1/student/list], Request Method: [GET], IP: [0:0:0:0:0:0:0:1]
2019-12-07 11:52:46.146  INFO 2848 --- [http-nio-8888-exec-5] c.e.a.common.aop.PermissionAspect        : Request URL: [http://localhost:8888/v1/student/list], URI: [/v1/student/list], Request Method: [GET], IP: [0:0:0:0:0:0:0:1]
2019-12-07 11:52:46.976  INFO 2848 --- [http-nio-8888-exec-6] c.e.a.common.aop.PermissionAspect        : Request URL: [http://localhost:8888/v1/student/list], URI: [/v1/student/list], Request Method: [GET], IP: [0:0:0:0:0:0:0:1]
2019-12-07 11:52:49.032  INFO 2848 --- [http-nio-8888-exec-9] c.e.a.common.aop.PermissionAspect        : Request URL: [http://localhost:8888/v1/student/list], URI: [/v1/student/list], Request Method: [GET], IP: [0:0:0:0:0:0:0:1]
2019-12-07 11:52:49.791  INFO 2848 --- [http-nio-8888-exec-7] c.e.a.common.aop.PermissionAspect        : Request URL: [http://localhost:8888/v1/student/list], URI: [/v1/student/list], Request Method: [GET], IP: [0:0:0:0:0:0:0:1]
2019-12-07 11:52:52.363  INFO 2848 --- [http-nio-8888-exec-1] c.e.a.common.aop.PermissionAspect        : Request URL: [http://localhost:8888/v1/student/list], URI: [/v1/student/list], Request Method: [GET], IP: [0:0:0:0:0:0:0:1]
2019-12-07 11:52:54.311  INFO 2848 --- [http-nio-8888-exec-3] c.e.a.common.aop.PermissionAspect        : Request URL: [http://localhost:8888/v1/student/list], URI: [/v1/student/list], Request Method: [GET], IP: [0:0:0:0:0:0:0:1]
2019-12-07 11:52:57.593  INFO 2848 --- [http-nio-8888-exec-4] c.e.a.common.aop.PermissionAspect        : Request URL: [http://localhost:8888/v1/student/list], URI: [/v1/student/list], Request Method: [GET], IP: [0:0:0:0:0:0:0:1]
2019-12-07 11:53:19.721  INFO 2848 --- [http-nio-8888-exec-10] c.e.a.common.aop.PermissionAspect        : Request URL: [http://localhost:8888/v1/major/list], URI: [/v1/major/list], Request Method: [GET], IP: [0:0:0:0:0:0:0:1]
2019-12-07 11:53:19.754  INFO 2848 --- [http-nio-8888-exec-7] c.e.a.common.aop.PermissionAspect        : Request URL: [http://localhost:8888/v1/major/list], URI: [/v1/major/list], Request Method: [GET], IP: [0:0:0:0:0:0:0:1]
2019-12-07 11:53:21.796  INFO 2848 --- [http-nio-8888-exec-3] c.e.a.common.aop.PermissionAspect        : Request URL: [http://localhost:8888/v1/major/list], URI: [/v1/major/list], Request Method: [GET], IP: [0:0:0:0:0:0:0:1]
2019-12-07 11:53:24.330  INFO 2848 --- [http-nio-8888-exec-4] c.e.a.common.aop.PermissionAspect        : Request URL: [http://localhost:8888/v1/major/list], URI: [/v1/major/list], Request Method: [GET], IP: [0:0:0:0:0:0:0:1]
2019-12-07 11:53:26.139  INFO 2848 --- [http-nio-8888-exec-5] c.e.a.common.aop.PermissionAspect        : Request URL: [http://localhost:8888/v1/major/list], URI: [/v1/major/list], Request Method: [GET], IP: [0:0:0:0:0:0:0:1]
2019-12-07 11:53:27.277  INFO 2848 --- [http-nio-8888-exec-6] c.e.a.common.aop.PermissionAspect        : Request URL: [http://localhost:8888/v1/major/list], URI: [/v1/major/list], Request Method: [GET], IP: [0:0:0:0:0:0:0:1]
2019-12-07 11:53:29.399  INFO 2848 --- [http-nio-8888-exec-9] c.e.a.common.aop.PermissionAspect        : Request URL: [http://localhost:8888/v1/major/list], URI: [/v1/major/list], Request Method: [GET], IP: [0:0:0:0:0:0:0:1]
2019-12-07 11:53:31.868  INFO 2848 --- [http-nio-8888-exec-10] c.e.a.common.aop.PermissionAspect        : Request URL: [http://localhost:8888/v1/major/list], URI: [/v1/major/list], Request Method: [GET], IP: [0:0:0:0:0:0:0:1]
2019-12-07 11:54:07.526  INFO 2848 --- [http-nio-8888-exec-2] c.e.a.common.aop.PermissionAspect        : Request URL: [http://localhost:8888/v1/student/list], URI: [/v1/student/list], Request Method: [GET], IP: [0:0:0:0:0:0:0:1]
2019-12-07 11:54:07.527  INFO 2848 --- [http-nio-8888-exec-6] c.e.a.common.aop.PermissionAspect        : Request URL: [http://localhost:8888/v1/student/list], URI: [/v1/student/list], Request Method: [GET], IP: [0:0:0:0:0:0:0:1]
2019-12-07 11:54:07.529  INFO 2848 --- [http-nio-8888-exec-5] c.e.a.common.aop.PermissionAspect        : Request URL: [http://localhost:8888/v1/major/list], URI: [/v1/major/list], Request Method: [GET], IP: [0:0:0:0:0:0:0:1]
2019-12-07 11:54:09.943  INFO 2848 --- [http-nio-8888-exec-9] c.e.a.common.aop.PermissionAspect        : Request URL: [http://localhost:8888/v1/student/list], URI: [/v1/student/list], Request Method: [GET], IP: [0:0:0:0:0:0:0:1]
2019-12-07 11:55:24.994  INFO 2848 --- [http-nio-8888-exec-1] c.e.a.common.aop.PermissionAspect        : Request URL: [http://localhost:8888/v1/student/list], URI: [/v1/student/list], Request Method: [GET], IP: [0:0:0:0:0:0:0:1]
2019-12-07 11:55:24.995  INFO 2848 --- [http-nio-8888-exec-3] c.e.a.common.aop.PermissionAspect        : Request URL: [http://localhost:8888/v1/major/list], URI: [/v1/major/list], Request Method: [GET], IP: [0:0:0:0:0:0:0:1]
2019-12-07 11:55:25.000  INFO 2848 --- [http-nio-8888-exec-5] c.e.a.common.aop.PermissionAspect        : Request URL: [http://localhost:8888/v1/student/list], URI: [/v1/student/list], Request Method: [GET], IP: [0:0:0:0:0:0:0:1]
2019-12-07 12:01:14.676  INFO 2848 --- [http-nio-8888-exec-6] c.e.a.common.aop.PermissionAspect        : Request URL: [http://localhost:8888/v1/course/2], URI: [/v1/course/2], Request Method: [DELETE], IP: [0:0:0:0:0:0:0:1]
